[2025-07-18 10:19:32] [SUCCESS] Found wallpaper directory: /home/shidox/repos/dotfile-hyprland-glass-main/Config/Home/Wallpapers (14 images)
[2025-07-18 10:19:33] [SUCCESS] Found 14 wallpaper(s) in /home/shidox/repos/dotfile-hyprland-glass-main/Config/Home/Wallpapers
[2025-07-18 10:21:07] [SUCCESS] Found wallpaper directory: /home/shidox/repos/dotfile-hyprland-glass-main/Config/Home/Wallpapers (14 images)
[2025-07-18 10:21:09] [SUCCESS] Found 14 wallpaper(s) in /home/shidox/repos/dotfile-hyprland-glass-main/Config/Home/Wallpapers
[2025-07-18 10:21:15] [DEBUG] Searching for wallpaper directories...
[2025-07-18 10:21:15] [DEBUG] Checking directory: /home/shidox/Wallpapers
[2025-07-18 10:21:15] [DEBUG] Directory /home/shidox/Wallpapers is a symlink pointing to: /home/shidox/repos/dotfile-hyprland-glass-main/Config/Home/Wallpapers
[2025-07-18 10:21:15] [DEBUG] Directory exists: /home/shidox/repos/dotfile-hyprland-glass-main/Config/Home/Wallpapers
[2025-07-18 10:21:15] [SUCCESS] Found wallpaper directory: /home/shidox/repos/dotfile-hyprland-glass-main/Config/Home/Wallpapers (14 images)
[2025-07-18 10:21:15] [DEBUG] Using wallpaper directory: /home/shidox/repos/dotfile-hyprland-glass-main/Config/Home/Wallpapers
[2025-07-18 10:21:15] [DEBUG] Checking for previous instances of AleatoryWall.sh
[2025-07-18 10:21:15] [DEBUG] Killing previous instance with PID: 5453
[2025-07-18 10:21:16] [DEBUG] Searching for image files in /home/shidox/repos/dotfile-hyprland-glass-main/Config/Home/Wallpapers
[2025-07-18 10:21:16] [SUCCESS] Found 14 wallpaper(s) in /home/shidox/repos/dotfile-hyprland-glass-main/Config/Home/Wallpapers
[2025-07-18 10:21:17] [SUCCESS] Found wallpaper directory: /home/shidox/repos/dotfile-hyprland-glass-main/Config/Home/Wallpapers (14 images)
[2025-07-18 10:21:18] [SUCCESS] Found 14 wallpaper(s) in /home/shidox/repos/dotfile-hyprland-glass-main/Config/Home/Wallpapers
[2025-07-18 10:21:25] [SUCCESS] Found wallpaper directory: /home/shidox/repos/dotfile-hyprland-glass-main/Config/Home/Wallpapers (14 images)
[2025-07-18 10:21:26] [SUCCESS] Found 14 wallpaper(s) in /home/shidox/repos/dotfile-hyprland-glass-main/Config/Home/Wallpapers
[2025-07-18 10:21:59] [DEBUG] Searching for wallpaper directories...
[2025-07-18 10:21:59] [DEBUG] Checking directory: /home/shidox/Wallpapers
[2025-07-18 10:21:59] [DEBUG] Directory /home/shidox/Wallpapers is a symlink pointing to: /home/shidox/repos/dotfile-hyprland-glass-main/Config/Home/Wallpapers
[2025-07-18 10:22:00] [DEBUG] Directory exists: /home/shidox/repos/dotfile-hyprland-glass-main/Config/Home/Wallpapers
[2025-07-18 10:22:00] [SUCCESS] Found wallpaper directory: /home/shidox/repos/dotfile-hyprland-glass-main/Config/Home/Wallpapers (14 images)
[2025-07-18 10:22:00] [DEBUG] Using wallpaper directory: /home/shidox/repos/dotfile-hyprland-glass-main/Config/Home/Wallpapers
[2025-07-18 10:22:00] [DEBUG] Checking for previous instances of AleatoryWall.sh
[2025-07-18 10:22:00] [DEBUG] Killing previous instance with PID: 5792
[2025-07-18 10:22:01] [DEBUG] Searching for image files in /home/shidox/repos/dotfile-hyprland-glass-main/Config/Home/Wallpapers
[2025-07-18 10:22:01] [SUCCESS] Found 14 wallpaper(s) in /home/shidox/repos/dotfile-hyprland-glass-main/Config/Home/Wallpapers
[2025-07-18 10:22:01] === AleatoryWall Script Started ===
[2025-07-18 10:22:01] [DEBUG] All dependencies are available
[2025-07-18 10:22:01] Running in single-change mode
[2025-07-18 10:22:01] [DEBUG] Starting wallpaper change process
[2025-07-18 10:22:01] Changing wallpaper to: WALL12.jpg
[2025-07-18 10:22:01] [DEBUG] Killing existing swaybg processes
[2025-07-18 10:22:01] [DEBUG] Setting wallpaper with swaybg
[2025-07-18 10:22:01] [DEBUG] swaybg started successfully
[2025-07-18 10:22:01] [DEBUG] Generating color palette with pywal
[2025-07-18 10:22:03] [DEBUG] Color palette generated successfully
[2025-07-18 10:22:03] [DEBUG] Restarting SwayNC
[2025-07-18 10:22:25] [SUCCESS] Found wallpaper directory: /home/shidox/repos/dotfile-hyprland-glass-main/Config/Home/Wallpapers (14 images)
[2025-07-18 10:22:27] [SUCCESS] Found 14 wallpaper(s) in /home/shidox/repos/dotfile-hyprland-glass-main/Config/Home/Wallpapers
[2025-07-18 10:22:27] === AleatoryWall Script Started ===
[2025-07-18 10:22:27] Starting AleatoryWall daemon
[2025-07-18 10:22:27] AleatoryWall daemon started in background
[2025-07-18 10:22:27] Wallpaper directory: /home/shidox/repos/dotfile-hyprland-glass-main/Config/Home/Wallpapers
[2025-07-18 10:22:27] Found 14 wallpapers
[2025-07-18 10:22:27] Change interval: 30 minutes
[2025-07-18 10:22:27] Changing wallpaper to: WALL10.png
[2025-07-18 10:22:41] [SUCCESS] Found wallpaper directory: /home/shidox/repos/dotfile-hyprland-glass-main/Config/Home/Wallpapers (14 images)
[2025-07-18 10:22:43] [SUCCESS] Found 14 wallpaper(s) in /home/shidox/repos/dotfile-hyprland-glass-main/Config/Home/Wallpapers
[2025-07-18 10:22:43] === AleatoryWall Script Started ===
[2025-07-18 10:22:43] AleatoryWall daemon started in background
[2025-07-18 10:22:43] Starting AleatoryWall daemon
[2025-07-18 10:22:43] Wallpaper directory: /home/shidox/repos/dotfile-hyprland-glass-main/Config/Home/Wallpapers
[2025-07-18 10:22:43] Found 14 wallpapers
[2025-07-18 10:22:43] Change interval: 30 minutes
[2025-07-18 10:22:43] Changing wallpaper to: WALL10.png
[2025-07-18 10:22:46] [SUCCESS] Found wallpaper directory: /home/shidox/repos/dotfile-hyprland-glass-main/Config/Home/Wallpapers (14 images)
[2025-07-18 10:22:48] [SUCCESS] Found 14 wallpaper(s) in /home/shidox/repos/dotfile-hyprland-glass-main/Config/Home/Wallpapers
[2025-07-18 10:22:48] === AleatoryWall Script Started ===
[2025-07-18 10:22:48] AleatoryWall daemon started in background
[2025-07-18 10:22:48] Starting AleatoryWall daemon
[2025-07-18 10:22:48] Wallpaper directory: /home/shidox/repos/dotfile-hyprland-glass-main/Config/Home/Wallpapers
[2025-07-18 10:22:48] Found 14 wallpapers
[2025-07-18 10:22:48] Change interval: 30 minutes
[2025-07-18 10:22:48] Changing wallpaper to: WALL14.jpg
[2025-07-18 10:22:52] [SUCCESS] Found wallpaper directory: /home/shidox/repos/dotfile-hyprland-glass-main/Config/Home/Wallpapers (14 images)
[2025-07-18 10:22:54] [SUCCESS] Found 14 wallpaper(s) in /home/shidox/repos/dotfile-hyprland-glass-main/Config/Home/Wallpapers
[2025-07-18 10:22:54] === AleatoryWall Script Started ===
[2025-07-18 10:22:54] AleatoryWall daemon started in background
[2025-07-18 10:22:54] Starting AleatoryWall daemon
[2025-07-18 10:22:54] Wallpaper directory: /home/shidox/repos/dotfile-hyprland-glass-main/Config/Home/Wallpapers
[2025-07-18 10:22:54] Found 14 wallpapers
[2025-07-18 10:22:54] Change interval: 30 minutes
[2025-07-18 10:22:54] Changing wallpaper to: WALL16.jpg
[2025-07-18 10:23:31] [SUCCESS] Found wallpaper directory: /home/shidox/repos/dotfile-hyprland-glass-main/Config/Home/Wallpapers (14 images)
[2025-07-18 10:23:34] [SUCCESS] Found 14 wallpaper(s) in /home/shidox/repos/dotfile-hyprland-glass-main/Config/Home/Wallpapers
[2025-07-18 10:23:34] === AleatoryWall Script Started ===
[2025-07-18 10:23:34] AleatoryWall daemon started in background
[2025-07-18 10:23:34] Starting AleatoryWall daemon
[2025-07-18 10:23:34] Wallpaper directory: /home/shidox/repos/dotfile-hyprland-glass-main/Config/Home/Wallpapers
[2025-07-18 10:23:34] Found 14 wallpapers
[2025-07-18 10:23:34] Change interval: 30 minutes
[2025-07-18 10:23:34] Changing wallpaper to: WALL2.jpg
[2025-07-18 10:23:58] [SUCCESS] Found wallpaper directory: /home/shidox/repos/dotfile-hyprland-glass-main/Config/Home/Wallpapers (14 images)
[2025-07-18 10:24:00] [SUCCESS] Found 14 wallpaper(s) in /home/shidox/repos/dotfile-hyprland-glass-main/Config/Home/Wallpapers
[2025-07-18 10:24:00] === AleatoryWall Script Started ===
[2025-07-18 10:24:00] AleatoryWall daemon started in background
[2025-07-18 10:24:00] Starting AleatoryWall daemon
[2025-07-18 10:24:00] Wallpaper directory: /home/shidox/repos/dotfile-hyprland-glass-main/Config/Home/Wallpapers
[2025-07-18 10:24:00] Found 14 wallpapers
[2025-07-18 10:24:00] Change interval: 30 minutes
[2025-07-18 10:24:00] Changing wallpaper to: WALL5.jpeg
[2025-07-18 10:24:49] [SUCCESS] Found wallpaper directory: /home/shidox/repos/dotfile-hyprland-glass-main/Config/Home/Wallpapers (14 images)
[2025-07-18 10:24:51] [SUCCESS] Found 14 wallpaper(s) in /home/shidox/repos/dotfile-hyprland-glass-main/Config/Home/Wallpapers
[2025-07-18 10:24:51] === AleatoryWall Script Started ===
[2025-07-18 10:24:51] Running in single-change mode
[2025-07-18 10:24:51] Changing wallpaper to: WALL10.png
[2025-07-18 10:25:23] Script terminating, cleaning up...
[2025-07-18 10:27:03] [SUCCESS] Found wallpaper directory: /home/shidox/repos/dotfile-hyprland-glass-main/Config/Home/Wallpapers (14 images)
[2025-07-18 10:27:04] [SUCCESS] Found 14 wallpaper(s) in /home/shidox/repos/dotfile-hyprland-glass-main/Config/Home/Wallpapers
[2025-07-18 10:27:04] === AleatoryWall Script Started ===
[2025-07-18 10:27:04] Running in single-change mode
[2025-07-18 10:27:04] Changing wallpaper to: WALL8.jpg
[2025-07-18 10:27:10] [SUCCESS] Found wallpaper directory: /home/shidox/repos/dotfile-hyprland-glass-main/Config/Home/Wallpapers (14 images)
[2025-07-18 10:27:12] [SUCCESS] Found 14 wallpaper(s) in /home/shidox/repos/dotfile-hyprland-glass-main/Config/Home/Wallpapers
[2025-07-18 10:27:12] === AleatoryWall Script Started ===
[2025-07-18 10:27:12] Running in single-change mode
[2025-07-18 10:27:12] Changing wallpaper to: WALL13.jpg
[2025-07-18 10:30:10] [SUCCESS] Found wallpaper directory: /home/shidox/repos/dotfile-hyprland-glass-main/Config/Home/Wallpapers (14 images)
[2025-07-18 10:30:12] [SUCCESS] Found wallpaper directory: /home/shidox/repos/dotfile-hyprland-glass-main/Config/Home/Wallpapers (14 images)
[2025-07-18 10:30:12] [SUCCESS] Found wallpaper directory: /home/shidox/repos/dotfile-hyprland-glass-main/Config/Home/Wallpapers (14 images)
[2025-07-18 10:30:13] [SUCCESS] Found wallpaper directory: /home/shidox/repos/dotfile-hyprland-glass-main/Config/Home/Wallpapers (14 images)
[2025-07-18 10:30:13] [SUCCESS] Found wallpaper directory: /home/shidox/repos/dotfile-hyprland-glass-main/Config/Home/Wallpapers (14 images)
[2025-07-18 10:30:13] [SUCCESS] Found wallpaper directory: /home/shidox/repos/dotfile-hyprland-glass-main/Config/Home/Wallpapers (14 images)
[2025-07-18 10:30:15] [SUCCESS] Found 14 wallpaper(s) in /home/shidox/repos/dotfile-hyprland-glass-main/Config/Home/Wallpapers
[2025-07-18 10:30:15] === AleatoryWall Script Started ===
[2025-07-18 10:30:15] Running in single-change mode
[2025-07-18 10:30:15] Changing wallpaper to: WALL3.png
[2025-07-18 10:36:15] [SUCCESS] Found wallpaper directory: /home/shidox/repos/dotfile-hyprland-glass-main/Config/Home/Wallpapers (14 images)
[2025-07-18 10:36:17] [SUCCESS] Found 14 wallpaper(s) in /home/shidox/repos/dotfile-hyprland-glass-main/Config/Home/Wallpapers
[2025-07-18 10:36:17] === AleatoryWall Script Started ===
[2025-07-18 10:36:17] Running in single-change mode
[2025-07-18 10:36:17] Changing wallpaper to: WALL14.jpg
[2025-07-18 10:36:39] [SUCCESS] Found wallpaper directory: /home/shidox/repos/dotfile-hyprland-glass-main/Config/Home/Wallpapers (14 images)
[2025-07-18 10:36:41] [SUCCESS] Found 14 wallpaper(s) in /home/shidox/repos/dotfile-hyprland-glass-main/Config/Home/Wallpapers
[2025-07-18 10:36:41] === AleatoryWall Script Started ===
[2025-07-18 10:36:41] Running in single-change mode
[2025-07-18 10:36:41] Changing wallpaper to: WALL6.jpg
[2025-07-18 10:36:44] [SUCCESS] Found wallpaper directory: /home/shidox/repos/dotfile-hyprland-glass-main/Config/Home/Wallpapers (14 images)
[2025-07-18 10:36:46] [SUCCESS] Found 14 wallpaper(s) in /home/shidox/repos/dotfile-hyprland-glass-main/Config/Home/Wallpapers
[2025-07-18 10:36:46] === AleatoryWall Script Started ===
[2025-07-18 10:36:46] Running in single-change mode
[2025-07-18 10:36:46] Changing wallpaper to: WALL12.jpg
